<?xml version="1.0" encoding="UTF-8"?>
<!-- Generated by org.testng.reporters.JUnitReportReporter -->
<testsuite hostname="Swethas-MacBook-Pro.local" failures="1" tests="4" name="parallel.ParallelTestRunner" time="221.547" errors="0" timestamp="19 Jan. 2023 03:28:57 GMT" skipped="0">
  <testcase classname="parallel.ParallelTestRunner" name="runScenario" time="54.726">
    <failure message="
Expected: every item is one of {&quot;Construction&quot;, &quot;Agriculture&quot;, &quot;Transport Trucks&quot;, &quot;Trailers&quot;, &quot;Vocational Trucks&quot;, &quot;Lifting &amp; Material Handling&quot;, &quot;Vehicles &amp; Buses&quot;, &quot;Asphalt &amp; Concrete&quot;, &quot;Demolition &amp; Recycling&quot;, &quot;Drilling &amp; Mining&quot;, &quot;Aggregate&quot;, &quot;Oil, Gas, Power &amp; Utility&quot;, &quot;Marine, Aircraft &amp; Rail&quot;, &quot;Real Estate&quot;, &quot;Consumer Items&quot;, &quot;Attachments&quot;, &quot;Industrial Support&quot;, &quot;Forestry &amp; Environmental&quot;}
     but: an item was &quot;Aggregate1&quot;" type="java.lang.AssertionError">
      <![CDATA[java.lang.AssertionError: 
Expected: every item is one of {"Construction", "Agriculture", "Transport Trucks", "Trailers", "Vocational Trucks", "Lifting & Material Handling", "Vehicles & Buses", "Asphalt & Concrete", "Demolition & Recycling", "Drilling & Mining", "Aggregate", "Oil, Gas, Power & Utility", "Marine, Aircraft & Rail", "Real Estate", "Consumer Items", "Attachments", "Industrial Support", "Forestry & Environmental"}
     but: an item was "Aggregate1"
at org.hamcrest.MatcherAssert.assertThat(MatcherAssert.java:20)
at org.hamcrest.MatcherAssert.assertThat(MatcherAssert.java:8)
at parallel.HomeTest.subcategories_should_be_displayed(HomeTest.java:47)
at ✽.subcategories should be displayed(classpath:parallel/Home.feature:21)
]]>
    </failure>
  </testcase> <!-- runScenario -->
  <testcase classname="parallel.ParallelTestRunner" name="runScenario" time="69.586"/>
  <testcase classname="parallel.ParallelTestRunner" name="runScenario" time="43.874"/>
  <testcase classname="parallel.ParallelTestRunner" name="runScenario" time="53.361"/>
</testsuite> <!-- parallel.ParallelTestRunner -->
