<?xml version="1.0" encoding="UTF-8"?>
<!-- Generated by org.testng.reporters.JUnitXMLReporter -->
<testsuite ignored="0" hostname="Chandra" failures="0" tests="3" name="Test3" time="0.025" errors="0" timestamp="2025-07-26T14:42:58 PDT">
  <testcase classname="com.crm.qa.paralleltests.TestClass3" name="testMethod10" time="0.002"/>
  <testcase classname="com.crm.qa.paralleltests.TestClass3" name="testMethod8" time="0.004"/>
  <testcase classname="com.crm.qa.paralleltests.TestClass3" name="testMethod9" time="0.004"/>
</testsuite> <!-- Test3 -->
