<?xml version="1.0" encoding="UTF-8"?>
<!-- Generated by org.testng.reporters.JUnitXMLReporter -->
<testsuite ignored="0" hostname="Chandra" failures="0" tests="3" name="Test2" time="0.131" errors="0" timestamp="2025-07-26T14:42:58 PDT">
  <testcase classname="com.crm.qa.paralleltests.TestClass2" name="testMethod5" time="0.022"/>
  <testcase classname="com.crm.qa.paralleltests.TestClass2" name="testMethod6" time="0.006"/>
  <testcase classname="com.crm.qa.paralleltests.TestClass2" name="testMethod7" time="0.002"/>
</testsuite> <!-- Test2 -->
