<?xml version="1.0" encoding="UTF-8"?>
<!-- Generated by org.testng.reporters.JUnitXMLReporter -->
<testsuite ignored="0" hostname="Chandra" failures="0" tests="10" name="Test1" time="0.077" errors="0" timestamp="2025-07-26T14:54:02 PDT">
  <testcase classname="com.crm.qa.paralleltests.TestClass1" name="testMethod2" time="0.012"/>
  <testcase classname="com.crm.qa.paralleltests.TestClass1" name="testMethod1" time="0.012"/>
  <testcase classname="com.crm.qa.paralleltests.TestClass1" name="testMethod3" time="0.001"/>
  <testcase classname="com.crm.qa.paralleltests.TestClass1" name="testMethod4" time="0.001"/>
  <testcase classname="com.crm.qa.paralleltests.TestClass2" name="testMethod5" time="0.001"/>
  <testcase classname="com.crm.qa.paralleltests.TestClass2" name="testMethod6" time="0.001"/>
  <testcase classname="com.crm.qa.paralleltests.TestClass2" name="testMethod7" time="0.001"/>
  <testcase classname="com.crm.qa.paralleltests.TestClass3" name="testMethod10" time="0.002"/>
  <testcase classname="com.crm.qa.paralleltests.TestClass3" name="testMethod8" time="0.001"/>
  <testcase classname="com.crm.qa.paralleltests.TestClass3" name="testMethod9" time="0.001"/>
</testsuite> <!-- Test1 -->
