<?xml version="1.0" encoding="UTF-8"?>
<!-- Generated by org.testng.reporters.JUnitXMLReporter -->
<testsuite ignored="0" hostname="Swethas-MacBook-Pro.local" failures="1" tests="4" name="Default test" time="72.824" errors="0" timestamp="19 Jan. 2023 03:28:56 GMT">
  <testcase classname="io.cucumber.testng.AbstractTestNGCucumberTests" name="runScenario" time="43.874"/>
  <testcase classname="io.cucumber.testng.AbstractTestNGCucumberTests" name="runScenario" time="53.361"/>
  <testcase classname="io.cucumber.testng.AbstractTestNGCucumberTests" name="runScenario" time="54.726">
    <failure type="java.lang.AssertionError" message="
Expected: every item is one of {&amp;quot;Construction&amp;quot;, &amp;quot;Agriculture&amp;quot;, &amp;quot;Transport Trucks&amp;quot;, &amp;quot;Trailers&amp;quot;, &amp;quot;Vocational Trucks&amp;quot;, &amp;quot;Lifting &amp;amp; Material Handling&amp;quot;, &amp;quot;Vehicles &amp;amp; Buses&amp;quot;, &amp;quot;Asphalt &amp;amp; Concrete&amp;quot;, &amp;quot;Demolition &amp;amp; Recycling&amp;quot;, &amp;quot;Drilling &amp;amp; Mining&amp;quot;, &amp;quot;Aggregate&amp;quot;, &amp;quot;Oil, Gas, Power &amp;amp; Utility&amp;quot;, &amp;quot;Marine, Aircraft &amp;amp; Rail&amp;quot;, &amp;quot;Real Estate&amp;quot;, &amp;quot;Consumer Items&amp;quot;, &amp;quot;Attachments&amp;quot;, &amp;quot;Industrial Support&amp;quot;, &amp;quot;Forestry &amp;amp; Environmental&amp;quot;}
     but: an item was &amp;quot;Aggregate1&amp;quot;">
      <![CDATA[java.lang.AssertionError: 
Expected: every item is one of {"Construction", "Agriculture", "Transport Trucks", "Trailers", "Vocational Trucks", "Lifting & Material Handling", "Vehicles & Buses", "Asphalt & Concrete", "Demolition & Recycling", "Drilling & Mining", "Aggregate", "Oil, Gas, Power & Utility", "Marine, Aircraft & Rail", "Real Estate", "Consumer Items", "Attachments", "Industrial Support", "Forestry & Environmental"}
     but: an item was "Aggregate1"
at org.hamcrest.MatcherAssert.assertThat(MatcherAssert.java:20)
at org.hamcrest.MatcherAssert.assertThat(MatcherAssert.java:8)
at parallel.HomeTest.subcategories_should_be_displayed(HomeTest.java:47)
at ✽.subcategories should be displayed(classpath:parallel/Home.feature:21)
]]>
    </failure>
  </testcase> <!-- runScenario -->
  <testcase classname="io.cucumber.testng.AbstractTestNGCucumberTests" name="runScenario" time="69.586"/>
</testsuite> <!-- Default test -->
